2024-06-11 17:50:02 - INFO: Database connected successfully.
2024-06-11 17:50:32 - WARNING: user01 login failed.
2024-06-11 17:53:29 - INFO: Starting Cookie Arcade
2024-06-11 17:53:30 - INFO: Database connected successfully.
2024-06-11 17:53:39 - INFO: user01 login successful.
2024-06-18 08:41:27 - INFO: Starting Cookie Arcade
2024-06-18 08:41:29 - INFO: Database connected successfully.
2024-06-18 08:42:00 - INFO: user01 login successful.
2024-06-18 08:42:12 - INFO: user01 login successful.
2024-06-18 08:42:40 - INFO: Starting Cookie Arcade
2024-06-18 08:42:42 - INFO: Database connected successfully.
2024-06-18 08:42:54 - INFO: user01 login successful.
2024-06-18 08:49:05 - INFO: Starting Cookie Arcade
2024-06-18 08:49:07 - INFO: Database connected successfully.
2024-06-18 08:49:16 - INFO: user01 login successful.
2024-06-18 08:54:56 - INFO: Starting Cookie Arcade
2024-06-18 08:54:58 - INFO: Database connected successfully.
2024-06-18 08:55:07 - INFO: user01 login successful.
2024-06-18 08:59:17 - INFO: Starting Cookie Arcade
2024-06-18 08:59:19 - INFO: Database connected successfully.
2024-06-18 08:59:32 - INFO: Starting Cookie Arcade
2024-06-18 08:59:34 - INFO: Database connected successfully.
2024-06-18 08:59:43 - INFO: user01 login successful.
2024-06-18 09:05:50 - INFO: Starting Cookie Arcade
2024-06-18 09:05:51 - INFO: Database connected successfully.
2024-06-18 09:06:02 - INFO: user01 login successful.
2024-06-18 09:07:29 - INFO: Starting Cookie Arcade
2024-06-18 09:07:30 - INFO: Database connected successfully.
2024-06-18 09:07:53 - INFO: user01 login successful.
2024-06-18 09:13:08 - INFO: Starting Cookie Arcade
2024-06-18 09:13:10 - INFO: Database connected successfully.
2024-06-18 09:13:19 - WARNING: user01 login failed.
2024-06-18 09:13:28 - WARNING: user01 login failed.
2024-06-18 12:38:15 - INFO: Starting Cookie Arcade
2024-06-18 12:38:17 - INFO: Database connected successfully.
2024-06-18 12:40:43 - INFO: Starting Cookie Arcade
2024-06-18 12:40:45 - INFO: Database connected successfully.
2024-06-18 13:26:17 - INFO: Starting Cookie Arcade
2024-06-18 13:26:19 - INFO: Database connected successfully.
2024-06-18 13:26:29 - INFO: user01 login successful.
2024-06-18 13:36:58 - INFO: Starting Cookie Arcade
2024-06-18 13:37:00 - INFO: Database connected successfully.
2024-06-18 13:37:10 - INFO: user01 login successful.
2024-06-18 13:37:10 - ERROR: Failed to load profile page: 
/G:/My%20Drive/Documents/School/Metropolitan%20State/24-2%20Summer%20(Current)/(Thurs)%20-%20ICS%20499-51%20Software%20Engineering%20and%20Capstone%20Project/ICS499-TermProject/gameArcade/target/classes/com/cookiecoders/gamearcade/profileView.fxml

2024-06-18 13:46:16 - INFO: Starting Cookie Arcade
2024-06-18 13:46:18 - INFO: Database connected successfully.
2024-06-18 13:46:27 - INFO: user01 login successful.
2024-06-18 13:46:30 - ERROR: Failed to load store page: Error resolving onAction='#navigateToStore', either the event handler is not in the Namespace or there is an error in the script.
/G:/My%20Drive/Documents/School/Metropolitan%20State/24-2%20Summer%20(Current)/(Thurs)%20-%20ICS%20499-51%20Software%20Engineering%20and%20Capstone%20Project/ICS499-TermProject/gameArcade/target/classes/com/cookiecoders/gamearcade/storeView.fxml:17

2024-06-18 13:49:04 - ERROR: Failed to load store page: Error resolving onAction='#navigateToStore', either the event handler is not in the Namespace or there is an error in the script.
/G:/My%20Drive/Documents/School/Metropolitan%20State/24-2%20Summer%20(Current)/(Thurs)%20-%20ICS%20499-51%20Software%20Engineering%20and%20Capstone%20Project/ICS499-TermProject/gameArcade/target/classes/com/cookiecoders/gamearcade/storeView.fxml:17

2024-06-18 13:49:15 - INFO: Starting Cookie Arcade
2024-06-18 13:49:17 - INFO: Database connected successfully.
2024-06-18 13:49:31 - INFO: user01 login successful.
2024-06-18 13:49:32 - ERROR: Failed to load storeView.fxml: Error resolving onAction='#navigateToStore', either the event handler is not in the Namespace or there is an error in the script.
/G:/My%20Drive/Documents/School/Metropolitan%20State/24-2%20Summer%20(Current)/(Thurs)%20-%20ICS%20499-51%20Software%20Engineering%20and%20Capstone%20Project/ICS499-TermProject/gameArcade/target/classes/com/cookiecoders/gamearcade/storeView.fxml:17

2024-06-18 13:49:41 - ERROR: Failed to load storeView.fxml: Error resolving onAction='#navigateToStore', either the event handler is not in the Namespace or there is an error in the script.
/G:/My%20Drive/Documents/School/Metropolitan%20State/24-2%20Summer%20(Current)/(Thurs)%20-%20ICS%20499-51%20Software%20Engineering%20and%20Capstone%20Project/ICS499-TermProject/gameArcade/target/classes/com/cookiecoders/gamearcade/storeView.fxml:17

2024-06-18 13:53:25 - INFO: Starting Cookie Arcade
2024-06-18 13:53:27 - INFO: Database connected successfully.
2024-06-18 13:53:35 - INFO: user01 login successful.
2024-06-18 14:00:54 - INFO: Starting Cookie Arcade
2024-06-18 14:00:56 - INFO: Database connected successfully.
2024-06-18 14:01:04 - INFO: user01 login successful.
2024-06-18 14:03:49 - INFO: Starting Cookie Arcade
2024-06-18 14:03:52 - INFO: Database connected successfully.
2024-06-18 14:04:11 - INFO: user01 login successful.
2024-06-18 14:04:57 - INFO: Starting Cookie Arcade
2024-06-18 14:04:59 - INFO: Database connected successfully.
2024-06-18 14:05:10 - INFO: user01 login successful.
2024-06-18 14:06:45 - INFO: Starting Cookie Arcade
2024-06-18 14:06:47 - INFO: Database connected successfully.
2024-06-18 14:07:01 - INFO: user01 login successful.
2024-06-18 16:48:26 - INFO: Starting Cookie Arcade
2024-06-18 16:48:28 - INFO: Database connected successfully.
2024-06-18 16:48:38 - WARNING: user01 login failed.
2024-06-18 16:48:48 - WARNING: user01 login failed.
2024-06-18 16:52:35 - INFO: Starting Cookie Arcade
2024-06-18 16:52:36 - INFO: Database connected successfully.
2024-06-18 16:52:46 - INFO: user01 login successful.
2024-06-19 10:02:39 - INFO: Starting Cookie Arcade
2024-06-19 10:04:02 - INFO: Starting Cookie Arcade
2024-06-19 10:04:04 - INFO: Database connected successfully.
2024-06-19 10:04:19 - INFO: user01 login successful.
2024-06-19 10:51:19 - INFO: Starting Cookie Arcade
2024-06-19 10:51:20 - INFO: Database connected successfully.
2024-06-19 10:51:29 - WARNING: user01 login failed.
2024-06-19 10:51:33 - WARNING: user01 login failed.
2024-06-19 10:51:40 - INFO: user01 login successful.
